This is pdfTeX, Version 3.1415926-2.5-1.40.14 (MiKTeX 2.9) (preloaded format=pdflatex 2014.4.17)  18 JUN 2017 14:29
entering extended mode
**knthesis.tex
(D:\Desktop\Bachelor\Bachelor\tex\knthesis.tex
LaTeX2e <2011/06/27>
Babel <v3.8m> and hyphenation patterns for english, afrikaans, ancientgreek, ar
abic, armenian, assamese, basque, bengali, bokmal, bulgarian, catalan, coptic, 
croatian, czech, danish, dutch, esperanto, estonian, farsi, finnish, french, ga
lician, german, german-x-2013-05-26, greek, gujarati, hindi, hungarian, iceland
ic, indonesian, interlingua, irish, italian, kannada, kurmanji, latin, latvian,
 lithuanian, malayalam, marathi, mongolian, mongolianlmc, monogreek, ngerman, n
german-x-2013-05-26, nynorsk, oriya, panjabi, pinyin, polish, portuguese, roman
ian, russian, sanskrit, serbian, slovak, slovenian, spanish, swedish, swissgerm
an, tamil, telugu, turkish, turkmen, ukenglish, ukrainian, uppersorbian, usengl
ishmax, welsh, loaded.
("C:\Program Files (x86)\MiKTeX 2.9\tex\latex\koma-script\scrreprt.cls"
Document Class: scrreprt 2013/12/19 v3.12 KOMA-Script document class (report)
("C:\Program Files (x86)\MiKTeX 2.9\tex\latex\koma-script\scrkbase.sty"
Package: scrkbase 2013/12/19 v3.12 KOMA-Script package (KOMA-Script-dependent b
asics and keyval usage)

("C:\Program Files (x86)\MiKTeX 2.9\tex\latex\koma-script\scrbase.sty"
Package: scrbase 2013/12/19 v3.12 KOMA-Script package (KOMA-Script-independent 
basics and keyval usage)

("C:\Program Files (x86)\MiKTeX 2.9\tex\latex\graphics\keyval.sty"
Package: keyval 1999/03/16 v1.13 key=value parser (DPC)
\KV@toks@=\toks14
)
("C:\Program Files (x86)\MiKTeX 2.9\tex\latex\koma-script\scrlfile.sty"
Package: scrlfile 2013/12/19 v3.12 KOMA-Script package (loading files)

Package scrlfile, 2013/12/19 v3.12 KOMA-Script package (loading files)
                  Copyright (C) Markus Kohm

))) ("C:\Program Files (x86)\MiKTeX 2.9\tex\latex\koma-script\tocbasic.sty"
Package: tocbasic 2013/12/19 v3.12 KOMA-Script package (handling toc-files)
)
Package tocbasic Info: omitting babel extension for `toc'
(tocbasic)             because of feature `nobabel' available
(tocbasic)             for `toc' on input line 117.
Package tocbasic Info: omitting babel extension for `lof'
(tocbasic)             because of feature `nobabel' available
(tocbasic)             for `lof' on input line 118.
Package tocbasic Info: omitting babel extension for `lot'
(tocbasic)             because of feature `nobabel' available
(tocbasic)             for `lot' on input line 119.
Package tocbasic Info: defining new hook before heading of `' on input line 112
3.
Package scrreprt Info: You've used standard option `12pt'.
(scrreprt)             This is correct!
(scrreprt)             Internally I'm using `fontsize=12pt'.
(scrreprt)             If you'd like to set the option with \KOMAoptions,
(scrreprt)             you'd have to use `fontsize=12pt' there
(scrreprt)             instead of `12pt', too.
Class scrreprt Info: You've used standard option `oneside'.
(scrreprt)           This is correct!
(scrreprt)           Internally I'm using `twoside=false'.
(scrreprt)           If you'd like to set the option with \KOMAoptions,
(scrreprt)           you'd have to use `twoside=false' there
(scrreprt)           instead of `oneside', too.
Package scrbase Info: Unknown processing state.
(scrbase)             Processing option `twoside=false'
(scrbase)             of member `.scrreprt.cls'
(scrbase)             of family `KOMA'
(scrbase)             doesn't set a valid state.
(scrbase)             This will be interpreted
(scrbase)             as \FamilyKeyStateProcessed on input line 1274.
Class scrreprt Info: File `scrsize12pt.clo' used to setup font sizes on input l
ine 1655.

("C:\Program Files (x86)\MiKTeX 2.9\tex\latex\koma-script\scrsize12pt.clo"
File: scrsize12pt.clo 2013/12/19 v3.12 KOMA-Script font size class option (12pt
)
)
("C:\Program Files (x86)\MiKTeX 2.9\tex\latex\koma-script\typearea.sty"
Package: typearea 2013/12/19 v3.12 KOMA-Script package (type area)

Package typearea, 2013/12/19 v3.12 KOMA-Script package (type area)
                  Copyright (C) Frank Neukam, 1992-1994
                  Copyright (C) Markus Kohm, 1994-

\ta@bcor=\skip41
\ta@div=\count79
Package typearea Info: You've used standard option `oneside'.
(typearea)             This is correct!
(typearea)             Internally I'm using `twoside=false'.
(typearea)             If you'd like to set the option with \KOMAoptions,
(typearea)             you'd have to use `twoside=false' there
(typearea)             instead of `oneside', too.
\ta@hblk=\skip42
\ta@vblk=\skip43
\ta@temp=\skip44
\footheight=\skip45
Package typearea Info: These are the values describing the layout:
(typearea)             DIV  = 12
(typearea)             BCOR = 0.0pt
(typearea)             \paperwidth      = 597.50793pt
(typearea)              \textwidth      = 448.13095pt
(typearea)              DIV departure   = -6%
(typearea)              \evensidemargin = 2.4185pt
(typearea)              \oddsidemargin  = 2.4185pt
(typearea)             \paperheight     = 845.04694pt
(typearea)              \textheight     = 606.5pt
(typearea)              \topmargin      = -1.84941pt
(typearea)              \headheight     = 18.125pt
(typearea)              \headsep        = 21.75pt
(typearea)              \topskip        = 12.0pt
(typearea)              \footskip       = 50.75pt
(typearea)              \baselineskip   = 14.5pt
(typearea)              on input line 1330.
)
\c@part=\count80
\c@chapter=\count81
\c@section=\count82
\c@subsection=\count83
\c@subsubsection=\count84
\c@paragraph=\count85
\c@subparagraph=\count86
\abovecaptionskip=\skip46
\belowcaptionskip=\skip47
\c@pti@nb@sid@b@x=\box26
\c@figure=\count87
\c@table=\count88
\bibindent=\dimen102
) ("C:\Program Files (x86)\MiKTeX 2.9\tex\latex\base\inputenc.sty"
Package: inputenc 2008/03/30 v1.1d Input encoding file
\inpenc@prehook=\toks15
\inpenc@posthook=\toks16

("C:\Program Files (x86)\MiKTeX 2.9\tex\latex\base\utf8.def"
File: utf8.def 2008/04/05 v1.1m UTF-8 support for inputenc
Now handling font encoding OML ...
... no UTF-8 mapping file for font encoding OML
Now handling font encoding T1 ...
... processing UTF-8 mapping file for font encoding T1

("C:\Program Files (x86)\MiKTeX 2.9\tex\latex\base\t1enc.dfu"
File: t1enc.dfu 2008/04/05 v1.1m UTF-8 support for inputenc
   defining Unicode char U+00A1 (decimal 161)
   defining Unicode char U+00A3 (decimal 163)
   defining Unicode char U+00AB (decimal 171)
   defining Unicode char U+00BB (decimal 187)
   defining Unicode char U+00BF (decimal 191)
   defining Unicode char U+00C0 (decimal 192)
   defining Unicode char U+00C1 (decimal 193)
   defining Unicode char U+00C2 (decimal 194)
   defining Unicode char U+00C3 (decimal 195)
   defining Unicode char U+00C4 (decimal 196)
   defining Unicode char U+00C5 (decimal 197)
   defining Unicode char U+00C6 (decimal 198)
   defining Unicode char U+00C7 (decimal 199)
   defining Unicode char U+00C8 (decimal 200)
   defining Unicode char U+00C9 (decimal 201)
   defining Unicode char U+00CA (decimal 202)
   defining Unicode char U+00CB (decimal 203)
   defining Unicode char U+00CC (decimal 204)
   defining Unicode char U+00CD (decimal 205)
   defining Unicode char U+00CE (decimal 206)
   defining Unicode char U+00CF (decimal 207)
   defining Unicode char U+00D0 (decimal 208)
   defining Unicode char U+00D1 (decimal 209)
   defining Unicode char U+00D2 (decimal 210)
   defining Unicode char U+00D3 (decimal 211)
   defining Unicode char U+00D4 (decimal 212)
   defining Unicode char U+00D5 (decimal 213)
   defining Unicode char U+00D6 (decimal 214)
   defining Unicode char U+00D8 (decimal 216)
   defining Unicode char U+00D9 (decimal 217)
   defining Unicode char U+00DA (decimal 218)
   defining Unicode char U+00DB (decimal 219)
   defining Unicode char U+00DC (decimal 220)
   defining Unicode char U+00DD (decimal 221)
   defining Unicode char U+00DE (decimal 222)
   defining Unicode char U+00DF (decimal 223)
   defining Unicode char U+00E0 (decimal 224)
   defining Unicode char U+00E1 (decimal 225)
   defining Unicode char U+00E2 (decimal 226)
   defining Unicode char U+00E3 (decimal 227)
   defining Unicode char U+00E4 (decimal 228)
   defining Unicode char U+00E5 (decimal 229)
   defining Unicode char U+00E6 (decimal 230)
   defining Unicode char U+00E7 (decimal 231)
   defining Unicode char U+00E8 (decimal 232)
   defining Unicode char U+00E9 (decimal 233)
   defining Unicode char U+00EA (decimal 234)
   defining Unicode char U+00EB (decimal 235)
   defining Unicode char U+00EC (decimal 236)
   defining Unicode char U+00ED (decimal 237)
   defining Unicode char U+00EE (decimal 238)
   defining Unicode char U+00EF (decimal 239)
   defining Unicode char U+00F0 (decimal 240)
   defining Unicode char U+00F1 (decimal 241)
   defining Unicode char U+00F2 (decimal 242)
   defining Unicode char U+00F3 (decimal 243)
   defining Unicode char U+00F4 (decimal 244)
   defining Unicode char U+00F5 (decimal 245)
   defining Unicode char U+00F6 (decimal 246)
   defining Unicode char U+00F8 (decimal 248)
   defining Unicode char U+00F9 (decimal 249)
   defining Unicode char U+00FA (decimal 250)
   defining Unicode char U+00FB (decimal 251)
   defining Unicode char U+00FC (decimal 252)
   defining Unicode char U+00FD (decimal 253)
   defining Unicode char U+00FE (decimal 254)
   defining Unicode char U+00FF (decimal 255)
   defining Unicode char U+0102 (decimal 258)
   defining Unicode char U+0103 (decimal 259)
   defining Unicode char U+0104 (decimal 260)
   defining Unicode char U+0105 (decimal 261)
   defining Unicode char U+0106 (decimal 262)
   defining Unicode char U+0107 (decimal 263)
   defining Unicode char U+010C (decimal 268)
   defining Unicode char U+010D (decimal 269)
   defining Unicode char U+010E (decimal 270)
   defining Unicode char U+010F (decimal 271)
   defining Unicode char U+0110 (decimal 272)
   defining Unicode char U+0111 (decimal 273)
   defining Unicode char U+0118 (decimal 280)
   defining Unicode char U+0119 (decimal 281)
   defining Unicode char U+011A (decimal 282)
   defining Unicode char U+011B (decimal 283)
   defining Unicode char U+011E (decimal 286)
   defining Unicode char U+011F (decimal 287)
   defining Unicode char U+0130 (decimal 304)
   defining Unicode char U+0131 (decimal 305)
   defining Unicode char U+0132 (decimal 306)
   defining Unicode char U+0133 (decimal 307)
   defining Unicode char U+0139 (decimal 313)
   defining Unicode char U+013A (decimal 314)
   defining Unicode char U+013D (decimal 317)
   defining Unicode char U+013E (decimal 318)
   defining Unicode char U+0141 (decimal 321)
   defining Unicode char U+0142 (decimal 322)
   defining Unicode char U+0143 (decimal 323)
   defining Unicode char U+0144 (decimal 324)
   defining Unicode char U+0147 (decimal 327)
   defining Unicode char U+0148 (decimal 328)
   defining Unicode char U+014A (decimal 330)
   defining Unicode char U+014B (decimal 331)
   defining Unicode char U+0150 (decimal 336)
   defining Unicode char U+0151 (decimal 337)
   defining Unicode char U+0152 (decimal 338)
   defining Unicode char U+0153 (decimal 339)
   defining Unicode char U+0154 (decimal 340)
   defining Unicode char U+0155 (decimal 341)
   defining Unicode char U+0158 (decimal 344)
   defining Unicode char U+0159 (decimal 345)
   defining Unicode char U+015A (decimal 346)
   defining Unicode char U+015B (decimal 347)
   defining Unicode char U+015E (decimal 350)
   defining Unicode char U+015F (decimal 351)
   defining Unicode char U+0160 (decimal 352)
   defining Unicode char U+0161 (decimal 353)
   defining Unicode char U+0162 (decimal 354)
   defining Unicode char U+0163 (decimal 355)
   defining Unicode char U+0164 (decimal 356)
   defining Unicode char U+0165 (decimal 357)
   defining Unicode char U+016E (decimal 366)
   defining Unicode char U+016F (decimal 367)
   defining Unicode char U+0170 (decimal 368)
   defining Unicode char U+0171 (decimal 369)
   defining Unicode char U+0178 (decimal 376)
   defining Unicode char U+0179 (decimal 377)
   defining Unicode char U+017A (decimal 378)
   defining Unicode char U+017B (decimal 379)
   defining Unicode char U+017C (decimal 380)
   defining Unicode char U+017D (decimal 381)
   defining Unicode char U+017E (decimal 382)
   defining Unicode char U+200C (decimal 8204)
   defining Unicode char U+2013 (decimal 8211)
   defining Unicode char U+2014 (decimal 8212)
   defining Unicode char U+2018 (decimal 8216)
   defining Unicode char U+2019 (decimal 8217)
   defining Unicode char U+201A (decimal 8218)
   defining Unicode char U+201C (decimal 8220)
   defining Unicode char U+201D (decimal 8221)
   defining Unicode char U+201E (decimal 8222)
   defining Unicode char U+2030 (decimal 8240)
   defining Unicode char U+2031 (decimal 8241)
   defining Unicode char U+2039 (decimal 8249)
   defining Unicode char U+203A (decimal 8250)
   defining Unicode char U+2423 (decimal 9251)
)
Now handling font encoding OT1 ...
... processing UTF-8 mapping file for font encoding OT1

("C:\Program Files (x86)\MiKTeX 2.9\tex\latex\base\ot1enc.dfu"
File: ot1enc.dfu 2008/04/05 v1.1m UTF-8 support for inputenc
   defining Unicode char U+00A1 (decimal 161)
   defining Unicode char U+00A3 (decimal 163)
   defining Unicode char U+00B8 (decimal 184)
   defining Unicode char U+00BF (decimal 191)
   defining Unicode char U+00C5 (decimal 197)
   defining Unicode char U+00C6 (decimal 198)
   defining Unicode char U+00D8 (decimal 216)
   defining Unicode char U+00DF (decimal 223)
   defining Unicode char U+00E6 (decimal 230)
   defining Unicode char U+00EC (decimal 236)
   defining Unicode char U+00ED (decimal 237)
   defining Unicode char U+00EE (decimal 238)
   defining Unicode char U+00EF (decimal 239)
   defining Unicode char U+00F8 (decimal 248)
   defining Unicode char U+0131 (decimal 305)
   defining Unicode char U+0141 (decimal 321)
   defining Unicode char U+0142 (decimal 322)
   defining Unicode char U+0152 (decimal 338)
   defining Unicode char U+0153 (decimal 339)
   defining Unicode char U+2013 (decimal 8211)
   defining Unicode char U+2014 (decimal 8212)
   defining Unicode char U+2018 (decimal 8216)
   defining Unicode char U+2019 (decimal 8217)
   defining Unicode char U+201C (decimal 8220)
   defining Unicode char U+201D (decimal 8221)
)
Now handling font encoding OMS ...
... processing UTF-8 mapping file for font encoding OMS

("C:\Program Files (x86)\MiKTeX 2.9\tex\latex\base\omsenc.dfu"
File: omsenc.dfu 2008/04/05 v1.1m UTF-8 support for inputenc
   defining Unicode char U+00A7 (decimal 167)
   defining Unicode char U+00B6 (decimal 182)
   defining Unicode char U+00B7 (decimal 183)
   defining Unicode char U+2020 (decimal 8224)
   defining Unicode char U+2021 (decimal 8225)
   defining Unicode char U+2022 (decimal 8226)
)
Now handling font encoding OMX ...
... no UTF-8 mapping file for font encoding OMX
Now handling font encoding U ...
... no UTF-8 mapping file for font encoding U
   defining Unicode char U+00A9 (decimal 169)
   defining Unicode char U+00AA (decimal 170)
   defining Unicode char U+00AE (decimal 174)
   defining Unicode char U+00BA (decimal 186)
   defining Unicode char U+02C6 (decimal 710)
   defining Unicode char U+02DC (decimal 732)
   defining Unicode char U+200C (decimal 8204)
   defining Unicode char U+2026 (decimal 8230)
   defining Unicode char U+2122 (decimal 8482)
   defining Unicode char U+2423 (decimal 9251)
))
(D:\Desktop\Bachelor\Bachelor\tex\algorithm.sty
Package: algorithm 

Document Style `algorithm' - floating environment
("C:\Program Files (x86)\MiKTeX 2.9\tex\latex\float\float.sty"
Package: float 2001/11/08 v1.3d Float enhancements (AL)
\c@float@type=\count89
\float@exts=\toks17
\float@box=\box27
\@float@everytoks=\toks18
\@floatcapt=\box28
)
("C:\Program Files (x86)\MiKTeX 2.9\tex\latex\base\ifthen.sty"
Package: ifthen 2001/05/26 v1.1c Standard LaTeX ifthen package (DPC)
)
\@float@every@algorithm=\toks19
\c@algorithm=\count90
)
(D:\Desktop\Bachelor\Bachelor\tex\algorithmic_sok.sty
Package: algorithmic_sok 

Document Style `algorithmic_sok' - environment
Modified Version of `algorithmic' by Sven O. Krumke
("C:\Program Files (x86)\MiKTeX 2.9\tex\latex\tools\calc.sty"
Package: calc 2007/08/22 v4.3 Infix arithmetic (KKT,FJ)
\calc@Acount=\count91
\calc@Bcount=\count92
\calc@Adimen=\dimen103
\calc@Bdimen=\dimen104
\calc@Askip=\skip48
\calc@Bskip=\skip49
LaTeX Info: Redefining \setlength on input line 76.
LaTeX Info: Redefining \addtolength on input line 77.
\calc@Ccount=\count93
\calc@Cskip=\skip50
)
("C:\Program Files (x86)\MiKTeX 2.9\tex\latex\tools\tabularx.sty"
Package: tabularx 1999/01/07 v2.07 `tabularx' package (DPC)

("C:\Program Files (x86)\MiKTeX 2.9\tex\latex\tools\array.sty"
Package: array 2008/09/09 v2.4c Tabular extension package (FMi)
\col@sep=\dimen105
\extrarowheight=\dimen106
\NC@list=\toks20
\extratabsurround=\skip51
\backup@length=\skip52
)
\TX@col@width=\dimen107
\TX@old@table=\dimen108
\TX@old@col=\dimen109
\TX@target=\dimen110
\TX@delta=\dimen111
\TX@cols=\count94
\TX@ftn=\toks21
)
\c@ALC@line=\count95
\c@ALC@rem=\count96
\ALC@tlm=\skip53
)
("C:\Program Files (x86)\MiKTeX 2.9\tex\latex\amsfonts\amssymb.sty"
Package: amssymb 2013/01/14 v3.01 AMS font symbols

("C:\Program Files (x86)\MiKTeX 2.9\tex\latex\amsfonts\amsfonts.sty"
Package: amsfonts 2013/01/14 v3.01 Basic AMSFonts support
\@emptytoks=\toks22
\symAMSa=\mathgroup4
\symAMSb=\mathgroup5
LaTeX Font Info:    Overwriting math alphabet `\mathfrak' in version `bold'
(Font)                  U/euf/m/n --> U/euf/b/n on input line 106.
))
("C:\Program Files (x86)\MiKTeX 2.9\tex\generic\babel\babel.sty"
Package: babel 2008/07/08 v3.8m The Babel package

*************************************
* Local config file bblopts.cfg used
*
("C:\Program Files (x86)\MiKTeX 2.9\tex\latex\00miktex\bblopts.cfg"
File: bblopts.cfg 2006/07/31 v1.0 MiKTeX 'babel' configuration
)
("C:\Program Files (x86)\MiKTeX 2.9\tex\generic\babel\ngermanb.ldf"
Language: ngermanb 2008/07/06 v2.6n new German support from the babel system

("C:\Program Files (x86)\MiKTeX 2.9\tex\generic\babel\babel.def"
File: babel.def 2008/07/08 v3.8m Babel common definitions
\babel@savecnt=\count97
\U@D=\dimen112
)
\l@naustrian = a dialect from \language\l@ngerman 
Package babel Info: Making " an active character on input line 92.
))
("C:\Program Files (x86)\MiKTeX 2.9\tex\latex\url\url.sty"
\Urlmuskip=\muskip10
Package: url 2013/09/16  ver 3.4  Verb mode for urls, etc.
)
(D:\Desktop\Bachelor\Bachelor\tex\knthesis.sty
Package: knthesis 2011/05/20 EKUT KN thesis style

Package: knthesis, 2011/05/20 EKUT KN thesis style, 
                   Copyright (C) Michael Hoefling, 2009,2011 
                   Copyright (C) Kenji Leibnitz, 1997
("C:\Program Files (x86)\MiKTeX 2.9\tex\latex\graphics\graphicx.sty"
Package: graphicx 1999/02/16 v1.0f Enhanced LaTeX Graphics (DPC,SPQR)

("C:\Program Files (x86)\MiKTeX 2.9\tex\latex\graphics\graphics.sty"
Package: graphics 2009/02/05 v1.0o Standard LaTeX Graphics (DPC,SPQR)

("C:\Program Files (x86)\MiKTeX 2.9\tex\latex\graphics\trig.sty"
Package: trig 1999/03/16 v1.09 sin cos tan (DPC)
)
("C:\Program Files (x86)\MiKTeX 2.9\tex\latex\00miktex\graphics.cfg"
File: graphics.cfg 2007/01/18 v1.5 graphics configuration of teTeX/TeXLive
)
Package graphics Info: Driver file: pdftex.def on input line 91.

("C:\Program Files (x86)\MiKTeX 2.9\tex\latex\pdftex-def\pdftex.def"
File: pdftex.def 2011/05/27 v0.06d Graphics/color for pdfTeX

("C:\Program Files (x86)\MiKTeX 2.9\tex\generic\oberdiek\infwarerr.sty"
Package: infwarerr 2010/04/08 v1.3 Providing info/warning/error messages (HO)
)
("C:\Program Files (x86)\MiKTeX 2.9\tex\generic\oberdiek\ltxcmds.sty"
Package: ltxcmds 2011/11/09 v1.22 LaTeX kernel commands for general use (HO)
)
\Gread@gobject=\count98
))
\Gin@req@height=\dimen113
\Gin@req@width=\dimen114
)
(D:\Desktop\Bachelor\Bachelor\tex\vmargin.sty
Package: vmargin 1999/06/01

Package `vmargin', V2.2, <1999/06/01>
\PaperWidth=\dimen115
\PaperHeight=\dimen116
) ("C:\Program Files (x86)\MiKTeX 2.9\tex\latex\amsmath\amsmath.sty"
Package: amsmath 2013/01/14 v2.14 AMS math features
\@mathmargin=\skip54

For additional information on amsmath, use the `?' option.
("C:\Program Files (x86)\MiKTeX 2.9\tex\latex\amsmath\amstext.sty"
Package: amstext 2000/06/29 v2.01

("C:\Program Files (x86)\MiKTeX 2.9\tex\latex\amsmath\amsgen.sty"
File: amsgen.sty 1999/11/30 v2.0
\@emptytoks=\toks23
\ex@=\dimen117
))
("C:\Program Files (x86)\MiKTeX 2.9\tex\latex\amsmath\amsbsy.sty"
Package: amsbsy 1999/11/29 v1.2d
\pmbraise@=\dimen118
)
("C:\Program Files (x86)\MiKTeX 2.9\tex\latex\amsmath\amsopn.sty"
Package: amsopn 1999/12/14 v2.01 operator names
)
\inf@bad=\count99
LaTeX Info: Redefining \frac on input line 210.
\uproot@=\count100
\leftroot@=\count101
LaTeX Info: Redefining \overline on input line 306.
\classnum@=\count102
\DOTSCASE@=\count103
LaTeX Info: Redefining \ldots on input line 378.
LaTeX Info: Redefining \dots on input line 381.
LaTeX Info: Redefining \cdots on input line 466.
\Mathstrutbox@=\box29
\strutbox@=\box30
\big@size=\dimen119
LaTeX Font Info:    Redeclaring font encoding OML on input line 566.
LaTeX Font Info:    Redeclaring font encoding OMS on input line 567.
\macc@depth=\count104
\c@MaxMatrixCols=\count105
\dotsspace@=\muskip11
\c@parentequation=\count106
\dspbrk@lvl=\count107
\tag@help=\toks24
\row@=\count108
\column@=\count109
\maxfields@=\count110
\andhelp@=\toks25
\eqnshift@=\dimen120
\alignsep@=\dimen121
\tagshift@=\dimen122
\tagwidth@=\dimen123
\totwidth@=\dimen124
\lineht@=\dimen125
\@envbody=\toks26
\multlinegap=\skip55
\multlinetaggap=\skip56
\mathdisplay@stack=\toks27
LaTeX Info: Redefining \[ on input line 2665.
LaTeX Info: Redefining \] on input line 2666.
)
("C:\Program Files (x86)\MiKTeX 2.9\tex\latex\epsf\epsf.sty"
This is `epsf.tex' v2.7.4 <14 February 2011>
\epsffilein=\read1
\epsfframemargin=\dimen126
\epsfframethickness=\dimen127
\epsfrsize=\dimen128
\epsftmp=\dimen129
\epsftsize=\dimen130
\epsfxsize=\dimen131
\epsfysize=\dimen132
\pspoints=\dimen133
) ("C:\Program Files (x86)\MiKTeX 2.9\tex\latex\base\latexsym.sty"
Package: latexsym 1998/08/17 v2.2e Standard LaTeX package (lasy symbols)
\symlasy=\mathgroup6
LaTeX Font Info:    Overwriting symbol font `lasy' in version `bold'
(Font)                  U/lasy/m/n --> U/lasy/b/n on input line 47.
)
("C:\Program Files (x86)\MiKTeX 2.9\tex\latex\base\fontenc.sty"
Package: fontenc 2005/09/27 v1.99g Standard LaTeX package

("C:\Program Files (x86)\MiKTeX 2.9\tex\latex\base\t1enc.def"
File: t1enc.def 2005/09/27 v1.99g Standard LaTeX file
LaTeX Font Info:    Redeclaring font encoding T1 on input line 43.
))
(D:\Desktop\Bachelor\Bachelor\tex\cite.sty
LaTeX Info: Redefining \cite on input line 302.
LaTeX Info: Redefining \nocite on input line 332.
Package: cite 2015/02/27  v 5.5
)
("C:\Program Files (x86)\MiKTeX 2.9\tex\latex\graphics\color.sty"
Package: color 2005/11/14 v1.0j Standard LaTeX Color (DPC)

("C:\Program Files (x86)\MiKTeX 2.9\tex\latex\00miktex\color.cfg"
File: color.cfg 2007/01/18 v1.5 color configuration of teTeX/TeXLive
)
Package color Info: Driver file: pdftex.def on input line 130.
)
("C:\Program Files (x86)\MiKTeX 2.9\tex\latex\subfigure\subfigure.sty"
Package: subfigure 2002/07/30 v2.1.4 subfigure package
\subfigtopskip=\skip57
\subfigcapskip=\skip58
\subfigcaptopadj=\dimen134
\subfigbottomskip=\skip59
\subfigcapmargin=\dimen135
\subfiglabelskip=\skip60
\c@subfigure=\count111
\c@lofdepth=\count112
\c@subtable=\count113
\c@lotdepth=\count114

****************************************
* Local config file subfigure.cfg used *
****************************************
("C:\Program Files (x86)\MiKTeX 2.9\tex\latex\subfigure\subfigure.cfg")
\subfig@top=\skip61
\subfig@bottom=\skip62
))
(D:\Desktop\Bachelor\Bachelor\tex\config/macrosGeneral.tex)
(D:\Desktop\Bachelor\Bachelor\tex\config/macrosACM.tex)
(D:\Desktop\Bachelor\Bachelor\tex\knthesis.aux

LaTeX Warning: Label `eq:err' multiply defined.


LaTeX Warning: Label `eq:err' multiply defined.

)
LaTeX Font Info:    Checking defaults for OML/cmm/m/it on input line 33.
LaTeX Font Info:    ... okay on input line 33.
LaTeX Font Info:    Checking defaults for T1/cmr/m/n on input line 33.
LaTeX Font Info:    ... okay on input line 33.
LaTeX Font Info:    Checking defaults for OT1/cmr/m/n on input line 33.
LaTeX Font Info:    ... okay on input line 33.
LaTeX Font Info:    Checking defaults for OMS/cmsy/m/n on input line 33.
LaTeX Font Info:    ... okay on input line 33.
LaTeX Font Info:    Checking defaults for OMX/cmex/m/n on input line 33.
LaTeX Font Info:    ... okay on input line 33.
LaTeX Font Info:    Checking defaults for U/cmr/m/n on input line 33.
LaTeX Font Info:    ... okay on input line 33.
 ("C:\Program Files (x86)\MiKTeX 2.9\tex\context\base\supp-pdf.mkii"
[Loading MPS to PDF converter (version 2006.09.02).]
\scratchcounter=\count115
\scratchdimen=\dimen136
\scratchbox=\box31
\nofMPsegments=\count116
\nofMParguments=\count117
\everyMPshowfont=\toks28
\MPscratchCnt=\count118
\MPscratchDim=\dimen137
\MPnumerator=\count119
\makeMPintoPDFobject=\count120
\everyMPtoPDFconversion=\toks29
)
Keine eigenen Makros gefunden.
(D:\Desktop\Bachelor\Bachelor\tex\config/Configuration.tex
LaTeX Font Info:    Try loading font information for U+msa on input line 24.

("C:\Program Files (x86)\MiKTeX 2.9\tex\latex\amsfonts\umsa.fd"
File: umsa.fd 2013/01/14 v3.01 AMS symbols A
)
LaTeX Font Info:    Try loading font information for U+msb on input line 24.

("C:\Program Files (x86)\MiKTeX 2.9\tex\latex\amsfonts\umsb.fd"
File: umsb.fd 2013/01/14 v3.01 AMS symbols B
)
LaTeX Font Info:    Try loading font information for U+lasy on input line 24.

("C:\Program Files (x86)\MiKTeX 2.9\tex\latex\base\ulasy.fd"
File: ulasy.fd 1998/08/17 v2.2e LaTeX symbol font definitions
) [1

{C:/ProgramData/MiKTeX/2.9/pdftex/config/pdftex.map}]
(D:\Desktop\Bachelor\Bachelor\tex\knthesis.toc)
\tf@toc=\write3
 [1

])
(D:\Desktop\Bachelor\Bachelor\tex\chapters/02-Grundlagen.tex
Kapitel 1.

Class scrreprt Warning: \float@addtolists detected!
(scrreprt)              Implementation of \float@addtolist became
(scrreprt)              deprecated in KOMA-Script v3.01 2008/11/14 and
(scrreprt)              has been replaced by more several more flexible
(scrreprt)              features of package `tocbasic`.
(scrreprt)              Since Version 3.12 support for deprecated
(scrreprt)              \float@addtolist interface has been
(scrreprt)              restricted to only some of the KOMA-Script
(scrreprt)              features and been removed from others.
(scrreprt)              Loading of package `scrhack' may help to
(scrreprt)              avoid this warning, if you are using a
(scrreprt)              a package that still implements the
(scrreprt)              deprecated \float@addtolist interface .

<pics/neuron.jpg, id=12, 484.81125pt x 237.13594pt>
File: pics/neuron.jpg Graphic file (type jpg)
 <use pics/neuron.jpg>
Package pdftex.def Info: pics/neuron.jpg used on input line 8.
(pdftex.def)             Requested size: 299.2113pt x 130.49028pt.

<pics/aneuron.png, id=13, 316.18124pt x 204.765pt>
File: pics/aneuron.png Graphic file (type png)
 <use pics/aneuron.png>
Package pdftex.def Info: pics/aneuron.png used on input line 14.
(pdftex.def)             Requested size: 299.22223pt x 160.60963pt.

<pics/mlp.jpg, id=15, 890.5772pt x 463.7325pt>
File: pics/mlp.jpg Graphic file (type jpg)
 <use pics/mlp.jpg>
Package pdftex.def Info: pics/mlp.jpg used on input line 20.
(pdftex.def)             Requested size: 299.20471pt x 150.56267pt.
 [1



 <D:/Desktop/Bachelor/Bachelor/tex/pics/neuron.jpg>]
Overfull \vbox (4.39998pt too high) has occurred while \output is active []


[2 <D:/Desktop/Bachelor/Bachelor/tex/pics/aneuron.png> <D:/Desktop/Bachelor/Bac
helor/tex/pics/mlp.jpg>]
LaTeX Font Info:    Try loading font information for T1+cmss on input line 45.

("C:\Program Files (x86)\MiKTeX 2.9\tex\latex\base\t1cmss.fd"
File: t1cmss.fd 1999/05/25 v2.5h Standard LaTeX font definitions
)
Overfull \vbox (4.39998pt too high) has occurred while \output is active []


[3] <pics/rnn.jpg, id=36, 797.98125pt x 320.19624pt>
File: pics/rnn.jpg Graphic file (type jpg)
 <use pics/rnn.jpg>
Package pdftex.def Info: pics/rnn.jpg used on input line 73.
(pdftex.def)             Requested size: 299.19353pt x 130.4898pt.


LaTeX Warning: Citation `bib:rnn' on page 4 undefined on input line 74.


LaTeX Warning: Citation `bib:rnn' on page 4 undefined on input line 74.


Overfull \vbox (4.39998pt too high) has occurred while \output is active []


[4]
Overfull \vbox (4.39998pt too high) has occurred while \output is active []


[5 <D:/Desktop/Bachelor/Bachelor/tex/pics/rnn.jpg>]
<pics/vgp.jpg, id=47, 618.31pt x 334.24875pt>
File: pics/vgp.jpg Graphic file (type jpg)
 <use pics/vgp.jpg>
Package pdftex.def Info: pics/vgp.jpg used on input line 92.
(pdftex.def)             Requested size: 299.21013pt x 160.60588pt.

Overfull \vbox (4.39998pt too high) has occurred while \output is active []


[6 <D:/Desktop/Bachelor/Bachelor/tex/pics/vgp.jpg>]
<pics/lstm.png, id=51, 331.2375pt x 502.87875pt>
File: pics/lstm.png Graphic file (type png)
 <use pics/lstm.png>
Package pdftex.def Info: pics/lstm.png used on input line 102.
(pdftex.def)             Requested size: 213.71477pt x 301.12338pt.


LaTeX Warning: Citation `bib:lstmpic' on page 7 undefined on input line 103.


LaTeX Warning: Citation `bib:lstmpic' on page 7 undefined on input line 103.


Overfull \vbox (4.39998pt too high) has occurred while \output is active []


[7 <D:/Desktop/Bachelor/Bachelor/tex/pics/lstm.png>]
<pics/lstm2.png, id=56, 474.27188pt x 249.18094pt>
File: pics/lstm2.png Graphic file (type png)
 <use pics/lstm2.png>
Package pdftex.def Info: pics/lstm2.png used on input line 112.
(pdftex.def)             Requested size: 299.2126pt x 160.60449pt.


LaTeX Warning: Citation `bib:apple' on page 8 undefined on input line 117.


LaTeX Warning: Citation `bib:amazon' on page 8 undefined on input line 117.


LaTeX Warning: Citation `bib:allo' on page 8 undefined on input line 117.


Overfull \vbox (4.39998pt too high) has occurred while \output is active []


[8 <D:/Desktop/Bachelor/Bachelor/tex/pics/lstm2.png>]
<pics/est.jpg, id=61, 953.0004pt x 380.622pt>
File: pics/est.jpg Graphic file (type jpg)
 <use pics/est.jpg>
Package pdftex.def Info: pics/est.jpg used on input line 130.
(pdftex.def)             Requested size: 384.68338pt x 130.49pt.
)
(D:\Desktop\Bachelor\Bachelor\tex\chapters/03-Implementation.tex
Overfull \vbox (4.39998pt too high) has occurred while \output is active []


[9]
Overfull \vbox (4.39998pt too high) has occurred while \output is active []


[10 <D:/Desktop/Bachelor/Bachelor/tex/pics/est.jpg>]
Kapitel 2.
<pics/1dvs2d.jpg, id=68, 1212.78094pt x 925.95938pt>
File: pics/1dvs2d.jpg Graphic file (type jpg)
 <use pics/1dvs2d.jpg>
Package pdftex.def Info: pics/1dvs2d.jpg used on input line 14.
(pdftex.def)             Requested size: 384.69281pt x 371.39447pt.

[11

]

LaTeX Warning: Citation `bib:lstm2' on page 12 undefined on input line 26.


Underfull \hbox (badness 10000) in paragraph at lines 30--31

 []

LaTeX Font Info:    Try loading font information for OMS+cmr on input line 32.
("C:\Program Files (x86)\MiKTeX 2.9\tex\latex\base\omscmr.fd"
File: omscmr.fd 1999/05/25 v2.5h Standard LaTeX font definitions
)
LaTeX Font Info:    Font shape `OMS/cmr/m/n' in size <12> not available
(Font)              Font shape `OMS/cmsy/m/n' tried instead on input line 32.

Overfull \vbox (4.39998pt too high) has occurred while \output is active []


[12]
Overfull \vbox (4.39998pt too high) has occurred while \output is active []


[13 <D:/Desktop/Bachelor/Bachelor/tex/pics/1dvs2d.jpg>]
Underfull \hbox (badness 10000) in paragraph at lines 38--39

 []


Overfull \vbox (4.39998pt too high) has occurred while \output is active []


[14]
Underfull \hbox (badness 10000) in paragraph at lines 46--47

 []


Overfull \hbox (4.56483pt too wide) in paragraph at lines 51--52
\T1/cmr/m/n/12 wer-den meh-re-re Test-sät-ze (Grö-ÿen-ord-nung 100 Stück) mit z
u-fäl-li-gen Start-
 []


Overfull \vbox (4.39998pt too high) has occurred while \output is active []


[15]
Underfull \hbox (badness 10000) in paragraph at lines 56--58

 []


Overfull \vbox (4.39998pt too high) has occurred while \output is active []


[16]
Overfull \vbox (4.39998pt too high) has occurred while \output is active []


[17] <pics/chaos.png, id=92, 363.759pt x 346.29375pt>
File: pics/chaos.png Graphic file (type png)
 <use pics/chaos.png>
Package pdftex.def Info: pics/chaos.png used on input line 73.
(pdftex.def)             Requested size: 213.71677pt x 160.6022pt.

<pics/1D1.png, id=93, 551.05875pt x 326.72063pt>
File: pics/1D1.png Graphic file (type png)
 <use pics/1D1.png>
Package pdftex.def Info: pics/1D1.png used on input line 79.
(pdftex.def)             Requested size: 213.71803pt x 160.59802pt.

<pics/fb.png, id=94, 572.1375pt x 426.84468pt>
File: pics/fb.png Graphic file (type png)
 <use pics/fb.png>
Package pdftex.def Info: pics/fb.png used on input line 85.
(pdftex.def)             Requested size: 256.46426pt x 160.60043pt.

<pics/fb2.png, id=95, 999.735pt x 458.46281pt>
File: pics/fb2.png Graphic file (type png)
 <use pics/fb2.png>
Package pdftex.def Info: pics/fb2.png used on input line 91.
(pdftex.def)             Requested size: 384.67796pt x 160.59729pt.
)
(D:\Desktop\Bachelor\Bachelor\tex\chapters/04-Untersuchung.tex
Overfull \vbox (4.39998pt too high) has occurred while \output is active []


[18 <D:/Desktop/Bachelor/Bachelor/tex/pics/chaos.png>]
Overfull \vbox (4.39998pt too high) has occurred while \output is active []


[19 <D:/Desktop/Bachelor/Bachelor/tex/pics/1D1.png> <D:/Desktop/Bachelor/Bachel
or/tex/pics/fb.png>]
Overfull \vbox (4.39998pt too high) has occurred while \output is active []


[20 <D:/Desktop/Bachelor/Bachelor/tex/pics/fb2.png>]
Kapitel 3.
<pics/act1.png, id=109, 1410.77063pt x 968.11688pt>
File: pics/act1.png Graphic file (type png)
 <use pics/act1.png>
Package pdftex.def Info: pics/act1.png used on input line 13.
(pdftex.def)             Requested size: 427.43214pt x 401.50989pt.

<pics/act2.png, id=110, 1326.45563pt x 993.7125pt>
File: pics/act2.png Graphic file (type png)
 <use pics/act2.png>
Package pdftex.def Info: pics/act2.png used on input line 19.
(pdftex.def)             Requested size: 427.42952pt x 401.4961pt.

<pics/act3.png, id=111, 1457.445pt x 998.22937pt>
File: pics/act3.png Graphic file (type png)
 <use pics/act3.png>
Package pdftex.def Info: pics/act3.png used on input line 25.
(pdftex.def)             Requested size: 427.42957pt x 401.49327pt.

<pics/act4.png, id=112, 1475.5125pt x 993.7125pt>
File: pics/act4.png Graphic file (type png)
 <use pics/act4.png>
Package pdftex.def Info: pics/act4.png used on input line 31.
(pdftex.def)             Requested size: 427.41487pt x 401.4961pt.

<pics/diagramm.png, id=113, 432.86719pt x 243.15843pt>
File: pics/diagramm.png Graphic file (type png)
 <use pics/diagramm.png>
Package pdftex.def Info: pics/diagramm.png used on input line 73.
(pdftex.def)             Requested size: 256.47264pt x 160.60007pt.

<pics/inputgate.png, id=114, 813.0375pt x 352.31625pt>
File: pics/inputgate.png Graphic file (type png)

<use pics/inputgate.png>
Package pdftex.def Info: pics/inputgate.png used on input line 110.
(pdftex.def)             Requested size: 427.42175pt x 200.74709pt.

<pics/forgetgate.png, id=115, 813.0375pt x 352.31625pt>
File: pics/forgetgate.png Graphic file (type png)

<use pics/forgetgate.png>
Package pdftex.def Info: pics/forgetgate.png used on input line 116.
(pdftex.def)             Requested size: 427.42175pt x 200.74709pt.

<pics/outputgate.png, id=116, 813.0375pt x 352.31625pt>
File: pics/outputgate.png Graphic file (type png)

<use pics/outputgate.png>
Package pdftex.def Info: pics/outputgate.png used on input line 122.
(pdftex.def)             Requested size: 427.42175pt x 200.74709pt.
 [21

]
Overfull \vbox (4.39998pt too high) has occurred while \output is active []


[22 <D:/Desktop/Bachelor/Bachelor/tex/pics/act1.png>]
Overfull \vbox (4.39998pt too high) has occurred while \output is active []


[23 <D:/Desktop/Bachelor/Bachelor/tex/pics/act2.png>]
Overfull \vbox (4.39998pt too high) has occurred while \output is active []


[24 <D:/Desktop/Bachelor/Bachelor/tex/pics/act3.png>]
Overfull \vbox (4.39998pt too high) has occurred while \output is active []


[25 <D:/Desktop/Bachelor/Bachelor/tex/pics/act4.png> <D:/Desktop/Bachelor/Bache
lor/tex/pics/diagramm.png>]
Overfull \vbox (4.39998pt too high) has occurred while \output is active []


[26 <D:/Desktop/Bachelor/Bachelor/tex/pics/inputgate.png>]
Overfull \vbox (4.39998pt too high) has occurred while \output is active []


[27 <D:/Desktop/Bachelor/Bachelor/tex/pics/forgetgate.png>]
Overfull \vbox (4.39998pt too high) has occurred while \output is active []


[28 <D:/Desktop/Bachelor/Bachelor/tex/pics/outputgate.png>])
Overfull \vbox (4.39998pt too high) has occurred while \output is active []


[29] (D:\Desktop\Bachelor\Bachelor\tex\knthesis.bbl
LaTeX Font Info:    Try loading font information for T1+cmtt on input line 4.

("C:\Program Files (x86)\MiKTeX 2.9\tex\latex\base\t1cmtt.fd"
File: t1cmtt.fd 1999/05/25 v2.5h Standard LaTeX font definitions
)
Underfull \hbox (badness 1038) in paragraph at lines 16--22
[]\T1/cmr/m/n/12 K. Cho, B. van Mer-ri-en-bo-er, C. Gul-ceh-re, D. Bah-danau, F
. Bou-ga-res,
 []

[30



])
Overfull \vbox (4.39998pt too high) has occurred while \output is active []


[31] (D:\Desktop\Bachelor\Bachelor\tex\knthesis.aux)

LaTeX Warning: There were undefined references.


LaTeX Warning: There were multiply-defined labels.

 ) 
Here is how much of TeX's memory you used:
 5502 strings out of 493921
 76284 string characters out of 3144870
 190028 words of memory out of 3000000
 8630 multiletter control sequences out of 15000+200000
 15828 words of font info for 45 fonts, out of 3000000 for 9000
 841 hyphenation exceptions out of 8191
 43i,10n,52p,2156b,327s stack positions out of 5000i,500n,10000p,200000b,50000s
 <C:\Users\Stiffle\AppData\Local\MiKTeX\2.9\fonts\pk\ljfour\jknappen\ec\dpi60
0\ectt1200.pk> <C:\Users\Stiffle\AppData\Local\MiKTeX\2.9\fonts\pk\ljfour\jknap
pen\ec\dpi600\ecsx1200.pk> <C:\Users\Stiffle\AppData\Local\MiKTeX\2.9\fonts\pk\
ljfour\jknappen\ec\dpi600\ecti1200.pk> <C:\Users\Stiffle\AppData\Local\MiKTeX\2
.9\fonts\pk\ljfour\jknappen\ec\dpi600\ecsl1200.pk> <C:\Users\Stiffle\AppData\Lo
cal\MiKTeX\2.9\fonts\pk\ljfour\jknappen\ec\dpi600\ecbx1728.pk> <C:\Users\Stiffl
e\AppData\Local\MiKTeX\2.9\fonts\pk\ljfour\jknappen\ec\dpi600\ecbx1200.pk> <C:\
Users\Stiffle\AppData\Local\MiKTeX\2.9\fonts\pk\ljfour\jknappen\ec\dpi600\ecbx2
488.pk> <C:\Users\Stiffle\AppData\Local\MiKTeX\2.9\fonts\pk\ljfour\jknappen\ec\
dpi600\ecrm1200.pk> <C:\Users\Stiffle\AppData\Local\MiKTeX\2.9\fonts\pk\ljfour\
jknappen\ec\dpi600\ecbx1440.pk><C:/Program Files (x86)/MiKTeX 2.9/fonts/type1/p
ublic/amsfonts/cm/cmex10.pfb><C:/Program Files (x86)/MiKTeX 2.9/fonts/type1/pub
lic/amsfonts/cm/cmmi12.pfb><C:/Program Files (x86)/MiKTeX 2.9/fonts/type1/publi
c/amsfonts/cm/cmmi6.pfb><C:/Program Files (x86)/MiKTeX 2.9/fonts/type1/public/a
msfonts/cm/cmmi8.pfb><C:/Program Files (x86)/MiKTeX 2.9/fonts/type1/public/amsf
onts/cm/cmr12.pfb><C:/Program Files (x86)/MiKTeX 2.9/fonts/type1/public/amsfont
s/cm/cmr8.pfb><C:/Program Files (x86)/MiKTeX 2.9/fonts/type1/public/amsfonts/cm
/cmsy10.pfb><C:/Program Files (x86)/MiKTeX 2.9/fonts/type1/public/amsfonts/cm/c
msy6.pfb><C:/Program Files (x86)/MiKTeX 2.9/fonts/type1/public/amsfonts/cm/cmsy
8.pfb>
Output written on knthesis.pdf (33 pages, 2278420 bytes).
PDF statistics:
 553 PDF objects out of 1000 (max. 8388607)
 0 named destinations out of 1000 (max. 500000)
 106 words of extra memory for PDF output out of 10000 (max. 10000000)

