This is pdfTeX, Version 3.1415926-2.5-1.40.14 (MiKTeX 2.9) (preloaded format=pdflatex 2014.4.17)  5 JUN 2017 02:11
entering extended mode
**08-Glossar.tex
(D:\Desktop\Bachelor\Bachelor\tex\chapters\08-Glossar.tex
LaTeX2e <2011/06/27>
Babel <v3.8m> and hyphenation patterns for english, afrikaans, ancientgreek, ar
abic, armenian, assamese, basque, bengali, bokmal, bulgarian, catalan, coptic, 
croatian, czech, danish, dutch, esperanto, estonian, farsi, finnish, french, ga
lician, german, german-x-2013-05-26, greek, gujarati, hindi, hungarian, iceland
ic, indonesian, interlingua, irish, italian, kannada, kurmanji, latin, latvian,
 lithuanian, malayalam, marathi, mongolian, mongolianlmc, monogreek, ngerman, n
german-x-2013-05-26, nynorsk, oriya, panjabi, pinyin, polish, portuguese, roman
ian, russian, sanskrit, serbian, slovak, slovenian, spanish, swedish, swissgerm
an, tamil, telugu, turkish, turkmen, ukenglish, ukrainian, uppersorbian, usengl
ishmax, welsh, loaded.
! Undefined control sequence.
l.1 \chapter
            {Glossar}
The control sequence at the end of the top line
of your error message was never \def'ed. If you have
misspelled it (e.g., `\hobx'), type `I' and the correct
spelling (e.g., `I\hbox'). Otherwise just continue,
and I'll forget about whatever was undefined.


! LaTeX Error: Missing \begin{document}.

See the LaTeX manual or LaTeX Companion for explanation.
Type  H <return>  for immediate help.
 ...                                              
                                                  
l.1 \chapter{G
              lossar}
You're in trouble here.  Try typing  <return>  to proceed.
If that doesn't work, type  X <return>  to quit.

Missing character: There is no G in font nullfont!
Missing character: There is no l in font nullfont!
Missing character: There is no o in font nullfont!
Missing character: There is no s in font nullfont!
Missing character: There is no s in font nullfont!
Missing character: There is no a in font nullfont!
Missing character: There is no r in font nullfont!

Overfull \hbox (20.0pt too wide) in paragraph at lines 1--3
[]
 []

Missing character: There is no g in font nullfont!
Missing character: There is no e in font nullfont!
Missing character: There is no i in font nullfont!
Missing character: There is no l in font nullfont!
Missing character: There is no e in font nullfont!
Missing character: There is no s in font nullfont!
Missing character: There is no Z in font nullfont!
Missing character: There is no e in font nullfont!
Missing character: There is no u in font nullfont!
Missing character: There is no g in font nullfont!

Overfull \hbox (56.12608pt too wide) in paragraph at lines 4--6
\OT1/cmr/bx/n/10 Neuronales
 []


Overfull \hbox (23.85405pt too wide) in paragraph at lines 4--6
\OT1/cmr/bx/n/10 Netz
 []


Overfull \hbox (30.13873pt too wide) in paragraph at lines 4--6
\OT1/cmr/bx/n/10 (NN): 
 []

Missing character: There is no g in font nullfont!
Missing character: There is no e in font nullfont!
Missing character: There is no i in font nullfont!
Missing character: There is no l in font nullfont!
Missing character: There is no e in font nullfont!
Missing character: There is no r in font nullfont!
Missing character: There is no e in font nullfont!
Missing character: There is no s in font nullfont!
Missing character: There is no Z in font nullfont!
Missing character: There is no e in font nullfont!
Missing character: There is no u in font nullfont!
Missing character: There is no g in font nullfont!

Overfull \hbox (61.44554pt too wide) in paragraph at lines 6--8
\OT1/cmr/bx/n/10 Rekurrentes
 []


Overfull \hbox (21.88184pt too wide) in paragraph at lines 6--8
\OT1/cmr/bx/n/10 neu-
 []


Overfull \hbox (35.46646pt too wide) in paragraph at lines 6--8
\OT1/cmr/bx/n/10 ronales
 []


Overfull \hbox (23.85405pt too wide) in paragraph at lines 6--8
\OT1/cmr/bx/n/10 Netz
 []


Overfull \hbox (38.76369pt too wide) in paragraph at lines 6--8
\OT1/cmr/bx/n/10 (RNN): 
 []

Missing character: There is no g in font nullfont!
Missing character: There is no e in font nullfont!
Missing character: There is no i in font nullfont!
Missing character: There is no l in font nullfont!
Missing character: There is no e in font nullfont!
Missing character: There is no r in font nullfont!
Missing character: There is no e in font nullfont!
Missing character: There is no s in font nullfont!
Missing character: There is no Z in font nullfont!
Missing character: There is no e in font nullfont!
Missing character: There is no u in font nullfont!
Missing character: There is no g in font nullfont!

Overfull \hbox (47.95807pt too wide) in paragraph at lines 8--10
\OT1/cmr/bx/n/10 Gradient: 
 []

Missing character: There is no Z in font nullfont!
Missing character: There is no e in font nullfont!
Missing character: There is no u in font nullfont!
Missing character: There is no g in font nullfont!

Overfull \hbox (31.19427pt too wide) in paragraph at lines 10--12
\OT1/cmr/bx/n/10 Input: 
 []

Missing character: There is no Z in font nullfont!
Missing character: There is no e in font nullfont!
Missing character: There is no u in font nullfont!
Missing character: There is no g in font nullfont!

Overfull \hbox (39.94423pt too wide) in paragraph at lines 12--14
\OT1/cmr/bx/n/10 Output: 
 []

Missing character: There is no Z in font nullfont!
Missing character: There is no e in font nullfont!
Missing character: There is no u in font nullfont!
Missing character: There is no g in font nullfont!

Overfull \hbox (35.41647pt too wide) in paragraph at lines 14--16
\OT1/cmr/bx/n/10 LSTM: 
 []

Missing character: There is no Z in font nullfont!
Missing character: There is no e in font nullfont!
Missing character: There is no u in font nullfont!
Missing character: There is no g in font nullfont!

Overfull \hbox (65.71071pt too wide) in paragraph at lines 16--18
\OT1/cmr/bx/n/10 Forwardpass: 
 []

Missing character: There is no Z in font nullfont!
Missing character: There is no e in font nullfont!
Missing character: There is no u in font nullfont!
Missing character: There is no g in font nullfont!

Overfull \hbox (87.82587pt too wide) in paragraph at lines 18--20
\OT1/cmr/bx/n/10 Backpropagation: 
 []

Missing character: There is no Z in font nullfont!
Missing character: There is no e in font nullfont!
Missing character: There is no u in font nullfont!
Missing character: There is no g in font nullfont!

Overfull \hbox (84.63144pt too wide) in paragraph at lines 20--22
\OT1/cmr/bx/n/10 Backpropagation
 []


Overfull \hbox (39.8748pt too wide) in paragraph at lines 20--22
\OT1/cmr/bx/n/10 through
 []


Overfull \hbox (22.52072pt too wide) in paragraph at lines 20--22
\OT1/cmr/bx/n/10 time
 []


Overfull \hbox (35.23592pt too wide) in paragraph at lines 20--22
\OT1/cmr/bx/n/10 BPTT: 
 []

Missing character: There is no Z in font nullfont!
Missing character: There is no e in font nullfont!
Missing character: There is no u in font nullfont!
Missing character: There is no g in font nullfont!

Overfull \hbox (49.16776pt too wide) in paragraph at lines 22--24
\OT1/cmr/bx/n/10 Vanishing
 []


Overfull \hbox (19.9096pt too wide) in paragraph at lines 22--24
\OT1/cmr/bx/n/10 gra-
 []


Overfull \hbox (13.4166pt too wide) in paragraph at lines 22--24
\OT1/cmr/bx/n/10 di-
 []


Overfull \hbox (15.81242pt too wide) in paragraph at lines 22--24
\OT1/cmr/bx/n/10 ent
 []


Overfull \hbox (27.09709pt too wide) in paragraph at lines 22--24
\OT1/cmr/bx/n/10 prob-
 []


Overfull \hbox (18.04852pt too wide) in paragraph at lines 22--24
\OT1/cmr/bx/n/10 lem
 []


Overfull \hbox (37.41646pt too wide) in paragraph at lines 22--24
\OT1/cmr/bx/n/10 (VGP): 
 []

Missing character: There is no Z in font nullfont!
Missing character: There is no e in font nullfont!
Missing character: There is no u in font nullfont!
Missing character: There is no g in font nullfont!

Overfull \hbox (64.04828pt too wide) in paragraph at lines 24--26
\OT1/cmr/bx/n/10 Hiddenlayer: 
 []

Missing character: There is no Z in font nullfont!
Missing character: There is no e in font nullfont!
Missing character: There is no u in font nullfont!
Missing character: There is no g in font nullfont!

Overfull \hbox (3.19443pt too wide) in paragraph at lines 26--28
\OT1/cmr/bx/n/10 : 
 []

Missing character: There is no Z in font nullfont!
Missing character: There is no e in font nullfont!
Missing character: There is no u in font nullfont!
Missing character: There is no g in font nullfont!

Overfull \hbox (3.19443pt too wide) in paragraph at lines 28--30
\OT1/cmr/bx/n/10 : 
 []

Missing character: There is no Z in font nullfont!
Missing character: There is no e in font nullfont!
Missing character: There is no u in font nullfont!
Missing character: There is no g in font nullfont!

Overfull \hbox (3.19443pt too wide) in paragraph at lines 30--32
\OT1/cmr/bx/n/10 : 
 []

Missing character: There is no Z in font nullfont!
Missing character: There is no e in font nullfont!
Missing character: There is no u in font nullfont!
Missing character: There is no g in font nullfont!

Overfull \hbox (3.19443pt too wide) in paragraph at lines 32--34
\OT1/cmr/bx/n/10 : 
 []

Missing character: There is no Z in font nullfont!
Missing character: There is no e in font nullfont!
Missing character: There is no u in font nullfont!
Missing character: There is no g in font nullfont!

Overfull \hbox (3.19443pt too wide) in paragraph at lines 34--36
\OT1/cmr/bx/n/10 : 
 []

Missing character: There is no Z in font nullfont!
Missing character: There is no e in font nullfont!
Missing character: There is no u in font nullfont!
Missing character: There is no g in font nullfont!

Overfull \hbox (3.19443pt too wide) in paragraph at lines 36--38
\OT1/cmr/bx/n/10 : 
 []

Missing character: There is no Z in font nullfont!
Missing character: There is no e in font nullfont!
Missing character: There is no u in font nullfont!
Missing character: There is no g in font nullfont!

Overfull \hbox (3.19443pt too wide) in paragraph at lines 38--40
\OT1/cmr/bx/n/10 : 
 []

)
! Emergency stop.
<*> 08-Glossar.tex
                  
*** (job aborted, no legal \end found)

 
Here is how much of TeX's memory you used:
 12 strings out of 493921
 269 string characters out of 3144870
 52031 words of memory out of 3000000
 3404 multiletter control sequences out of 15000+200000
 3948 words of font info for 15 fonts, out of 3000000 for 9000
 841 hyphenation exceptions out of 8191
 13i,1n,10p,86b,111s stack positions out of 5000i,500n,10000p,200000b,50000s
!  ==> Fatal error occurred, no output PDF file produced!
